fs.js:584
  return binding.open(pathModule._makeLong(path), stringToFlags(flags), mode);
                 ^

Error: ENOENT: no such file or directory, open 'key.pem'
    at Object.fs.openSync (fs.js:584:18)
    at Object.fs.readFileSync (fs.js:491:33)
    at Object.<anonymous> (/home/turbotage/weather_station/server/server.js:65:11)
    at Module._compile (module.js:571:32)
    at Object.Module._extensions..js (module.js:580:10)
    at Module.load (module.js:488:32)
    at tryModuleLoad (module.js:447:12)
    at Function.Module._load (module.js:439:3)
    at Module.runMain (module.js:605:10)
    at run (bootstrap_node.js:423:7)
fs.js:584
  return binding.open(pathModule._makeLong(path), stringToFlags(flags), mode);
                 ^

Error: ENOENT: no such file or directory, open 'key.pem'
    at Object.fs.openSync (fs.js:584:18)
    at Object.fs.readFileSync (fs.js:491:33)
    at Object.<anonymous> (/home/turbotage/weather_station/server/server.js:65:11)
    at Module._compile (module.js:571:32)
    at Object.Module._extensions..js (module.js:580:10)
    at Module.load (module.js:488:32)
    at tryModuleLoad (module.js:447:12)
    at Function.Module._load (module.js:439:3)
    at Module.runMain (module.js:605:10)
    at run (bootstrap_node.js:423:7)
fs.js:584
  return binding.open(pathModule._makeLong(path), stringToFlags(flags), mode);
                 ^

Error: ENOENT: no such file or directory, open 'key.pem'
    at Object.fs.openSync (fs.js:584:18)
    at Object.fs.readFileSync (fs.js:491:33)
    at Object.<anonymous> (/home/turbotage/weather_station/server/server.js:65:11)
    at Module._compile (module.js:571:32)
    at Object.Module._extensions..js (module.js:580:10)
    at Module.load (module.js:488:32)
    at tryModuleLoad (module.js:447:12)
    at Function.Module._load (module.js:439:3)
    at Module.runMain (module.js:605:10)
    at run (bootstrap_node.js:423:7)
fs.js:584
  return binding.open(pathModule._makeLong(path), stringToFlags(flags), mode);
                 ^

Error: ENOENT: no such file or directory, open 'key.pem'
    at Object.fs.openSync (fs.js:584:18)
    at Object.fs.readFileSync (fs.js:491:33)
    at Object.<anonymous> (/home/turbotage/weather_station/server/server.js:65:11)
    at Module._compile (module.js:571:32)
    at Object.Module._extensions..js (module.js:580:10)
    at Module.load (module.js:488:32)
    at tryModuleLoad (module.js:447:12)
    at Function.Module._load (module.js:439:3)
    at Module.runMain (module.js:605:10)
    at run (bootstrap_node.js:423:7)
fs.js:584
  return binding.open(pathModule._makeLong(path), stringToFlags(flags), mode);
                 ^

Error: ENOENT: no such file or directory, open 'key.pem'
    at Object.fs.openSync (fs.js:584:18)
    at Object.fs.readFileSync (fs.js:491:33)
    at Object.<anonymous> (/home/turbotage/weather_station/server/server.js:65:11)
    at Module._compile (module.js:571:32)
    at Object.Module._extensions..js (module.js:580:10)
    at Module.load (module.js:488:32)
    at tryModuleLoad (module.js:447:12)
    at Function.Module._load (module.js:439:3)
    at Module.runMain (module.js:605:10)
    at run (bootstrap_node.js:423:7)
fs.js:584
  return binding.open(pathModule._makeLong(path), stringToFlags(flags), mode);
                 ^

Error: ENOENT: no such file or directory, open 'key.pem'
    at Object.fs.openSync (fs.js:584:18)
    at Object.fs.readFileSync (fs.js:491:33)
    at Object.<anonymous> (/home/turbotage/weather_station/server/server.js:65:11)
    at Module._compile (module.js:571:32)
    at Object.Module._extensions..js (module.js:580:10)
    at Module.load (module.js:488:32)
    at tryModuleLoad (module.js:447:12)
    at Function.Module._load (module.js:439:3)
    at Module.runMain (module.js:605:10)
    at run (bootstrap_node.js:423:7)
fs.js:584
  return binding.open(pathModule._makeLong(path), stringToFlags(flags), mode);
                 ^

Error: ENOENT: no such file or directory, open 'key.pem'
    at Object.fs.openSync (fs.js:584:18)
    at Object.fs.readFileSync (fs.js:491:33)
    at Object.<anonymous> (/home/turbotage/weather_station/server/server.js:65:11)
    at Module._compile (module.js:571:32)
    at Object.Module._extensions..js (module.js:580:10)
    at Module.load (module.js:488:32)
    at tryModuleLoad (module.js:447:12)
    at Function.Module._load (module.js:439:3)
    at Module.runMain (module.js:605:10)
    at run (bootstrap_node.js:423:7)
fs.js:584
  return binding.open(pathModule._makeLong(path), stringToFlags(flags), mode);
                 ^

Error: ENOENT: no such file or directory, open 'key.pem'
    at Object.fs.openSync (fs.js:584:18)
    at Object.fs.readFileSync (fs.js:491:33)
    at Object.<anonymous> (/home/turbotage/weather_station/server/server.js:65:11)
    at Module._compile (module.js:571:32)
    at Object.Module._extensions..js (module.js:580:10)
    at Module.load (module.js:488:32)
    at tryModuleLoad (module.js:447:12)
    at Function.Module._load (module.js:439:3)
    at Module.runMain (module.js:605:10)
    at run (bootstrap_node.js:423:7)
fs.js:584
  return binding.open(pathModule._makeLong(path), stringToFlags(flags), mode);
                 ^

Error: ENOENT: no such file or directory, open 'key.pem'
    at Object.fs.openSync (fs.js:584:18)
    at Object.fs.readFileSync (fs.js:491:33)
    at Object.<anonymous> (/home/turbotage/weather_station/server/server.js:65:11)
    at Module._compile (module.js:571:32)
    at Object.Module._extensions..js (module.js:580:10)
    at Module.load (module.js:488:32)
    at tryModuleLoad (module.js:447:12)
    at Function.Module._load (module.js:439:3)
    at Module.runMain (module.js:605:10)
    at run (bootstrap_node.js:423:7)
fs.js:584
  return binding.open(pathModule._makeLong(path), stringToFlags(flags), mode);
                 ^

Error: ENOENT: no such file or directory, open 'key.pem'
    at Object.fs.openSync (fs.js:584:18)
    at Object.fs.readFileSync (fs.js:491:33)
    at Object.<anonymous> (/home/turbotage/weather_station/server/server.js:65:11)
    at Module._compile (module.js:571:32)
    at Object.Module._extensions..js (module.js:580:10)
    at Module.load (module.js:488:32)
    at tryModuleLoad (module.js:447:12)
    at Function.Module._load (module.js:439:3)
    at Module.runMain (module.js:605:10)
    at run (bootstrap_node.js:423:7)
fs.js:584
  return binding.open(pathModule._makeLong(path), stringToFlags(flags), mode);
                 ^

Error: ENOENT: no such file or directory, open 'key.pem'
    at Object.fs.openSync (fs.js:584:18)
    at Object.fs.readFileSync (fs.js:491:33)
    at Object.<anonymous> (/home/turbotage/weather_station/server/server.js:65:11)
    at Module._compile (module.js:571:32)
    at Object.Module._extensions..js (module.js:580:10)
    at Module.load (module.js:488:32)
    at tryModuleLoad (module.js:447:12)
    at Function.Module._load (module.js:439:3)
    at Module.runMain (module.js:605:10)
    at run (bootstrap_node.js:423:7)
fs.js:584
  return binding.open(pathModule._makeLong(path), stringToFlags(flags), mode);
                 ^

Error: ENOENT: no such file or directory, open 'key.pem'
    at Object.fs.openSync (fs.js:584:18)
    at Object.fs.readFileSync (fs.js:491:33)
    at Object.<anonymous> (/home/turbotage/weather_station/server/server.js:65:11)
    at Module._compile (module.js:571:32)
    at Object.Module._extensions..js (module.js:580:10)
    at Module.load (module.js:488:32)
    at tryModuleLoad (module.js:447:12)
    at Function.Module._load (module.js:439:3)
    at Module.runMain (module.js:605:10)
    at run (bootstrap_node.js:423:7)
events.js:163
      throw er; // Unhandled 'error' event
      ^

Error: Connection lost: The server closed the connection.
    at Protocol.end (/home/turbotage/weather_station/server/node_modules/mysql/lib/protocol/Protocol.js:109:13)
    at Socket.<anonymous> (/home/turbotage/weather_station/server/node_modules/mysql/lib/Connection.js:109:28)
    at emitNone (events.js:91:20)
    at Socket.emit (events.js:188:7)
    at endReadableNT (_stream_readable.js:975:12)
    at _combinedTickCallback (internal/process/next_tick.js:80:11)
    at process._tickCallback (internal/process/next_tick.js:104:9)
events.js:163
      throw er; // Unhandled 'error' event
      ^

Error: Connection lost: The server closed the connection.
    at Protocol.end (/home/turbotage/weather_station/server/node_modules/mysql/lib/protocol/Protocol.js:109:13)
    at Socket.<anonymous> (/home/turbotage/weather_station/server/node_modules/mysql/lib/Connection.js:109:28)
    at emitNone (events.js:91:20)
    at Socket.emit (events.js:188:7)
    at endReadableNT (_stream_readable.js:975:12)
    at _combinedTickCallback (internal/process/next_tick.js:80:11)
    at process._tickCallback (internal/process/next_tick.js:104:9)
events.js:163
      throw er; // Unhandled 'error' event
      ^

Error: Connection lost: The server closed the connection.
    at Protocol.end (/home/turbotage/weather_station/server/node_modules/mysql/lib/protocol/Protocol.js:109:13)
    at Socket.<anonymous> (/home/turbotage/weather_station/server/node_modules/mysql/lib/Connection.js:109:28)
    at emitNone (events.js:91:20)
    at Socket.emit (events.js:188:7)
    at endReadableNT (_stream_readable.js:975:12)
    at _combinedTickCallback (internal/process/next_tick.js:80:11)
    at process._tickCallback (internal/process/next_tick.js:104:9)
events.js:163
      throw er; // Unhandled 'error' event
      ^

Error: Connection lost: The server closed the connection.
    at Protocol.end (/home/turbotage/weather_station/server/node_modules/mysql/lib/protocol/Protocol.js:109:13)
    at Socket.<anonymous> (/home/turbotage/weather_station/server/node_modules/mysql/lib/Connection.js:109:28)
    at emitNone (events.js:91:20)
    at Socket.emit (events.js:188:7)
    at endReadableNT (_stream_readable.js:975:12)
    at _combinedTickCallback (internal/process/next_tick.js:80:11)
    at process._tickCallback (internal/process/next_tick.js:104:9)
events.js:163
      throw er; // Unhandled 'error' event
      ^

Error: Connection lost: The server closed the connection.
    at Protocol.end (/home/turbotage/weather_station/server/node_modules/mysql/lib/protocol/Protocol.js:109:13)
    at Socket.<anonymous> (/home/turbotage/weather_station/server/node_modules/mysql/lib/Connection.js:109:28)
    at emitNone (events.js:91:20)
    at Socket.emit (events.js:188:7)
    at endReadableNT (_stream_readable.js:975:12)
    at _combinedTickCallback (internal/process/next_tick.js:80:11)
    at process._tickCallback (internal/process/next_tick.js:104:9)
events.js:163
      throw er; // Unhandled 'error' event
      ^

Error: Connection lost: The server closed the connection.
    at Protocol.end (/home/turbotage/weather_station/server/node_modules/mysql/lib/protocol/Protocol.js:109:13)
    at Socket.<anonymous> (/home/turbotage/weather_station/server/node_modules/mysql/lib/Connection.js:109:28)
    at emitNone (events.js:91:20)
    at Socket.emit (events.js:188:7)
    at endReadableNT (_stream_readable.js:975:12)
    at _combinedTickCallback (internal/process/next_tick.js:80:11)
    at process._tickCallback (internal/process/next_tick.js:104:9)
events.js:163
      throw er; // Unhandled 'error' event
      ^

Error: Connection lost: The server closed the connection.
    at Protocol.end (/home/turbotage/weather_station/server/node_modules/mysql/lib/protocol/Protocol.js:109:13)
    at Socket.<anonymous> (/home/turbotage/weather_station/server/node_modules/mysql/lib/Connection.js:109:28)
    at emitNone (events.js:91:20)
    at Socket.emit (events.js:188:7)
    at endReadableNT (_stream_readable.js:975:12)
    at _combinedTickCallback (internal/process/next_tick.js:80:11)
    at process._tickCallback (internal/process/next_tick.js:104:9)
events.js:163
      throw er; // Unhandled 'error' event
      ^

Error: Connection lost: The server closed the connection.
    at Protocol.end (/home/turbotage/weather_station/server/node_modules/mysql/lib/protocol/Protocol.js:109:13)
    at Socket.<anonymous> (/home/turbotage/weather_station/server/node_modules/mysql/lib/Connection.js:109:28)
    at emitNone (events.js:91:20)
    at Socket.emit (events.js:188:7)
    at endReadableNT (_stream_readable.js:975:12)
    at _combinedTickCallback (internal/process/next_tick.js:80:11)
    at process._tickCallback (internal/process/next_tick.js:104:9)
events.js:163
      throw er; // Unhandled 'error' event
      ^

Error: Connection lost: The server closed the connection.
    at Protocol.end (/home/turbotage/weather_station/server/node_modules/mysql/lib/protocol/Protocol.js:109:13)
    at Socket.<anonymous> (/home/turbotage/weather_station/server/node_modules/mysql/lib/Connection.js:109:28)
    at emitNone (events.js:91:20)
    at Socket.emit (events.js:188:7)
    at endReadableNT (_stream_readable.js:975:12)
    at _combinedTickCallback (internal/process/next_tick.js:80:11)
    at process._tickCallback (internal/process/next_tick.js:104:9)
events.js:163
      throw er; // Unhandled 'error' event
      ^

Error: Connection lost: The server closed the connection.
    at Protocol.end (/home/turbotage/weather_station/server/node_modules/mysql/lib/protocol/Protocol.js:109:13)
    at Socket.<anonymous> (/home/turbotage/weather_station/server/node_modules/mysql/lib/Connection.js:109:28)
    at emitNone (events.js:91:20)
    at Socket.emit (events.js:188:7)
    at endReadableNT (_stream_readable.js:975:12)
    at _combinedTickCallback (internal/process/next_tick.js:80:11)
    at process._tickCallback (internal/process/next_tick.js:104:9)
events.js:163
      throw er; // Unhandled 'error' event
      ^

Error: Connection lost: The server closed the connection.
    at Protocol.end (/home/turbotage/weather_station/server/node_modules/mysql/lib/protocol/Protocol.js:109:13)
    at Socket.<anonymous> (/home/turbotage/weather_station/server/node_modules/mysql/lib/Connection.js:109:28)
    at emitNone (events.js:91:20)
    at Socket.emit (events.js:188:7)
    at endReadableNT (_stream_readable.js:975:12)
    at _combinedTickCallback (internal/process/next_tick.js:80:11)
    at process._tickCallback (internal/process/next_tick.js:104:9)
events.js:163
      throw er; // Unhandled 'error' event
      ^

Error: Connection lost: The server closed the connection.
    at Protocol.end (/home/turbotage/weather_station/server/node_modules/mysql/lib/protocol/Protocol.js:109:13)
    at Socket.<anonymous> (/home/turbotage/weather_station/server/node_modules/mysql/lib/Connection.js:109:28)
    at emitNone (events.js:91:20)
    at Socket.emit (events.js:188:7)
    at endReadableNT (_stream_readable.js:975:12)
    at _combinedTickCallback (internal/process/next_tick.js:80:11)
    at process._tickCallback (internal/process/next_tick.js:104:9)
