listening on https://localhost:55555
New client: tQyc-Othj6R5gYbXAAAA
New client: IFhu5ohq7qfdO6rhAAAB
New client: i2NMQNUP59Re_FfbAAAC
listening on https://localhost:55555
New client: 15BrUAxSA-h9NIPcAAAA
New client: dgEm1L8bVE3QKFPGAAAB
New client: 1GH_m-ujxfhA4JSNAAAC
New client: wGvGrrOc7mzb1FZlAAAD
listening on https://localhost:55555
New client: oj69Dtfs6hs9i7g5AAAA
New client: RvK_w1d9Dv0okbr2AAAB
New client: yKShdQMtLCd4MzhgAAAC
New client: pq2zWj6tkB89ZAHNAAAD
New client: KDJJrOZc6x40vywLAAAE
listening on https://localhost:55555
New client: _Ai-i084JT5xE6NaAAAA
New client: EjnFZyRR1ntWYAz8AAAB
New client: 6DQv6xPPrUjumDG8AAAC
New client: eECb2QFIG1RvledAAAAD
listening on https://localhost:55555
New client: ERLNAUKOksVN_imGAAAA
New client: 2_fMUFwQ6Sh9_MDRAAAB
New client: OWesO3wqibPNA_mIAAAC
New client: vxbx_g1pOPpRIs4oAAAD
New client: 750OFCex0P5mrGhTAAAE
New client: dLA0ITAol57xQQGpAAAF
New client: C8gJVDhE-oGUd8ybAAAG
New client: 8vHrZZOpeI5U4K45AAAH
New client: WAYtyHhglwjsnIB5AAAI
New client: s5mDYVVD8FpZjydCAAAJ
New client: 4AOdxxhpKHlWSFAwAAAK
listening on https://localhost:55555
New client: 3K1fMwf7jGuCJ962AAAA
New client: x8II_UuBcmqqtcKGAAAB
New client: jPE1Wwp-TYtfGu5sAAAC
New client: dfk8T5st7hJm-J9qAAAD
listening on https://localhost:55555
New client: s7FAw0z6EbdTP7hXAAAA
New client: 21u5brcbxeAyum0yAAAB
listening on https://localhost:55555
New client: 7t_EZbwpBvZxE9fiAAAA
New client: EICDfC4XmplZX2qBAAAB
listening on https://localhost:55555
New client: MUigxMp5Fbn2c24UAAAA
New client: XnpKCp6BH42E5YbWAAAB
New client: Swcf2ZAGT_eUfb0TAAAC
New client: vO0edGIGv4STGBJpAAAD
New client: XvgVZ4GaUS1vq2ZAAAAE
New client: bs9cQ9njVz5vz1PbAAAF
New client: YCD8pSGzdD97T5jnAAAG
New client: YyhRy3_fLVn_C_qBAAAH
listening on https://localhost:55555
New client: iJXw-DAXR3e4LpkxAAAA
New client: plxgBt19BV3niK0hAAAB
New client: CWpui-srnZpytCUAAAAC
New client: C0WaoAgkqGhwLnXuAAAD
New client: BpofduG3--Z5wJeuAAAE
listening on https://localhost:55555
listening on https://localhost:55555
New client: w2sHk7QlJJlLEERIAAAA
New client: R2Gi51QF4EbFnMveAAAB
listening on https://localhost:55555
New client: RJANM4P7iBBpEYKjAAAA
New client: 6hRbzBcy33o1w6ajAAAB
New client: za_Y5RVwjzG0-wXCAAAC
New client: vc4IIH_kkTftqapeAAAD
listening on https://localhost:55555
New client: 4s3e_9ThaFicX50eAAAA
New client: pFAqcwEZ0-SbNIT9AAAB
New client: iXShWp8ovlw5t6e1AAAC
New client: f4vcobgbPrWY0RryAAAD
New client: t_LoAMYiNKkTdwP0AAAE
New client: jtB7C3QhsIzcmmtIAAAF
New client: NcaGrC0CkYrcK_YXAAAG
New client: lJW1qV6dnXAfOkkZAAAH
New client: WVDMOdqRDnZ9900uAAAI
New client: Vh8n0LixXJTZlxNzAAAJ
New client: -l7q4pgVcuut_VacAAAK
New client: n4YU5dVwAgFmXeTFAAAL
New client: MMTboc_3vOypiSNmAAAM
New client: A9a-F-7R1yNWS8ieAAAN
New client: DO74VZWLv-s48uyqAAAO
New client: 464G3ynnB49QFYITAAAP
New client: VkSg8SO8XdZjVwViAAAQ
New client: e0No7ZdinxpB-52IAAAR
New client: XoArmMriuNH-aGijAAAS
listening on https://localhost:55555
New client: j02e9iCgUV8kIf7CAAAA
New client: _i8qdomAelIXZOvWAAAB
listening on https://localhost:55555
New client: aypBoOzMRF6vSVCwAAAA
listening on https://localhost:55555
New client: 02AqC8Ccyd6B4srNAAAA
listening on https://localhost:55555
New client: fkRrAzhPyB6QsJbGAAAA
listening on https://localhost:55555
New client: z30PWmKpbFSD29J-AAAA
listening on https://localhost:55555
listening on https://localhost:55555
listening on https://localhost:55555
New client: rJ4Ezn7rWk0gmVpiAAAA
listening on https://localhost:55555
New client: sZ9z4CuBio7BPlF4AAAA
New client: nDHSyj2JPsEAhbX7AAAB
New client: b2SlPPLh6QUnBgdDAAAC
New client: GCj6unGn44_rdLNkAAAD
New client: S9d0jJVgftlTgrWkAAAE
New client: tdMXjoifdT5_aX4tAAAF
New client: X1dQGGrWtfoRBJsyAAAG
listening on https://localhost:55555
New client: sOrl8nNY64AeKHS1AAAA
listening on https://localhost:55555
New client: XlBz4gQ4E05KYt5YAAAA
listening on https://localhost:55555
listening on https://localhost:55555
listening on https://localhost:55555
listening on https://localhost:55555
New client: OqOoZa9F1An5bxkZAAAA
listening on https://localhost:55555
listening on https://localhost:55555
New client: ntvU6FqD4I9bD-qwAAAA
listening on https://localhost:55555
New client: myuFl46lbQFynqywAAAA
listening on https://localhost:55555
listening on https://localhost:55555
New client: 77cjn-Stqka3HR5dAAAA
listening on https://localhost:55555
